2026/03/25 19:46:01 Lane 'Lane 1 (Local)' initialized.
2026/03/25 19:46:01 Lane 'Lane 2 (Remote)' initialized.
2026/03/25 19:46:01 [Lane 1 (Local)] Starting lane...
2026/03/25 19:46:01 [Lane 1 (Local)-RPM] Started RPM simulator on 127.0.0.1:10001
2026/03/25 19:47:21 Lane 'Lane 1 (Local)' initialized.
2026/03/25 19:47:21 Lane 'Lane 2 (Remote)' initialized.
2026/03/25 19:47:21 [Lane 1 (Local)] Starting lane...
2026/03/25 19:47:21 [Lane 1 (Local)-RPM] Started RPM simulator on 127.0.0.1:10001
2026/03/25 19:47:21 Started RTSP Server on port 8554
2026/03/25 19:47:21 [Lane 1 (Local)-RPM] Auto mode started
2026/03/25 19:47:21 [Lane 2 (Remote)] Starting lane...
2026/03/25 19:47:21 [Lane 2 (Remote)-RPM] Started RPM simulator on 0.0.0.0:10002
2026/03/25 19:48:11 Lane 'Lane 1 (Local)' initialized.
2026/03/25 19:48:11 Lane 'Lane 2 (Remote)' initialized.
2026/03/25 19:48:11 [Lane 1 (Local)] Starting lane...
2026/03/25 19:48:11 [Lane 1 (Local)-RPM] Started RPM simulator on 127.0.0.1:10001
2026/03/25 19:48:11 Started RTSP Server on port 8554
2026/03/25 19:48:11 [Lane 1 (Local)-RPM] Auto mode started
2026/03/25 19:48:11 [Lane 2 (Remote)] Starting lane...
2026/03/25 19:48:11 [Lane 2 (Remote)-RPM] Started RPM simulator on 0.0.0.0:10002
2026/03/25 19:48:55 Lane 'Lane 1 (Local)' initialized.
2026/03/25 19:48:55 Lane 'Lane 2 (Remote)' initialized.
2026/03/25 19:48:55 [Lane 1 (Local)] Starting lane...
2026/03/25 19:48:55 [Lane 1 (Local)-RPM] Started RPM simulator on 127.0.0.1:10001
2026/03/25 19:48:55 Started RTSP Server on port 8554
2026/03/25 19:48:55 [Lane 1 (Local)-RPM] Auto mode started
2026/03/25 19:48:55 [Lane 2 (Remote)] Starting lane...
2026/03/25 19:48:55 [Lane 2 (Remote)-RPM] Started RPM simulator on 0.0.0.0:10002
2026/03/25 19:48:55 Started RTSP Server on port 8555
2026/03/25 19:48:55 [Lane 2 (Remote)-RPM] Auto mode started
2026/03/25 19:50:02 Lane 'Lane 1 (Local)' initialized.
2026/03/25 19:50:02 Lane 'Lane 2 (Remote)' initialized.
2026/03/25 19:50:02 [Lane 1 (Local)] Starting lane...
2026/03/25 19:50:02 [Lane 1 (Local)-RPM] Started RPM simulator on 127.0.0.1:10001
2026/03/25 19:50:02 [Lane 1 (Local)-RPM] Auto mode started
2026/03/25 19:50:02 [Lane 2 (Remote)] Starting lane...
2026/03/25 19:50:02 [Lane 2 (Remote)-RPM] Started RPM simulator on 0.0.0.0:10002
2026/03/25 19:50:02 [Lane 2 (Remote)-RPM] Auto mode started
2026/03/25 19:50:02 Starting web server on http://127.0.0.1:8080
2026/03/25 19:50:02 [Lane 1 (Local)-RPM] Auto-mode triggering new occupancy.
2026/03/25 19:50:02 [Lane 1 (Local)] Generating 'OC' alarm.
2026/03/25 19:50:02 [Lane 1 (Local)-RPM] Generating profile from model
2026/03/25 19:50:02 [Lane 2 (Remote)-RPM] Auto-mode triggering new occupancy.
2026/03/25 19:50:02 [Lane 2 (Remote)] Generating 'OC' alarm.
2026/03/25 19:50:02 [Lane 2 (Remote)-RPM] Generating profile from model
2026/03/25 19:50:02 [Lane 1 (Local)-RPM] Starting new profile of type: oc
2026/03/25 19:50:02 [Lane 2 (Remote)-RPM] Starting new profile of type: oc
2026/03/25 19:50:16 [Lane 1 (Local)-RPM] Profile finished.
2026/03/25 19:50:16 [Lane 2 (Remote)-RPM] Profile finished.
2026/03/25 19:51:01 [Lane 1 (Local)-RPM] Auto-mode triggering new occupancy.
2026/03/25 19:51:01 [Lane 1 (Local)] Generating 'NA' alarm.
2026/03/25 19:51:01 [Lane 1 (Local)-RPM] Generating profile from model
2026/03/25 19:51:01 [Lane 1 (Local)-RPM] Starting new profile of type: na
2026/03/25 19:51:16 [Lane 1 (Local)-RPM] Profile finished.
2026/03/25 19:51:16 [Lane 2 (Remote)-RPM] Auto-mode triggering new occupancy.
2026/03/25 19:51:16 [Lane 2 (Remote)] Generating 'OC' alarm.
2026/03/25 19:51:16 [Lane 2 (Remote)-RPM] Generating profile from model
2026/03/25 19:51:16 [Lane 2 (Remote)-RPM] Starting new profile of type: oc
2026/03/25 19:51:27 [Lane 2 (Remote)-RPM] Profile finished.
2026/03/25 19:52:01 [Lane 1 (Local)-RPM] Auto-mode triggering new occupancy.
2026/03/25 19:52:01 [Lane 1 (Local)] Generating 'GA' alarm.
2026/03/25 19:52:01 [Lane 1 (Local)-RPM] Generating profile from model
2026/03/25 19:52:01 [Lane 1 (Local)-RPM] Starting new profile of type: oc
2026/03/25 19:52:12 [Lane 1 (Local)-RPM] Profile finished.
2026/03/25 19:52:27 [Lane 2 (Remote)-RPM] Auto-mode triggering new occupancy.
2026/03/25 19:52:27 [Lane 2 (Remote)] Generating 'OC' alarm.
2026/03/25 19:52:27 [Lane 2 (Remote)-RPM] Generating profile from model
2026/03/25 19:52:27 [Lane 2 (Remote)-RPM] Starting new profile of type: oc
2026/03/25 19:52:41 [Lane 2 (Remote)-RPM] Profile finished.
